<?xml version="1.0" encoding="UTF-8"?>
<!-- Generated by org.testng.reporters.JUnitXMLReporter -->
<testsuite ignored="0" hostname="arun" failures="0" tests="4" name="Default test" time="39.948" errors="0" timestamp="2024-12-20T16:34:45 IST">
  <testcase classname="tests.ContactEditingTest" name="testPageRedirectsOnContactClick" time="4.09"/>
  <testcase classname="tests.ContactEditingTest" name="testEditExistingContactDetails" time="8.24"/>
  <testcase classname="tests.ContactEditingTest" name="testUneditedFieldsAreUnaffected" time="9.508"/>
  <testcase classname="tests.ContactEditingTest" name="testSavingEmptyFields" time="12.852"/>
</testsuite> <!-- Default test -->
